[uWC::Log][2024-03-19 16:11:06] Start
[uWC::Err][2024-03-19 16:11:06] WindowTexture::GetPixels() => buffer has not been set yet.
[uWC::Err][2024-03-19 16:11:07] WindowTexture::GetPixels() => buffer has not been set yet.
[uWC::Err][2024-03-19 16:11:15] The given range is out of the buffer area: x=1920, y=525, width=1, height=1
[uWC::Err][2024-03-19 16:11:15] The buffer width=1920, height=1080
[uWC::Err][2024-03-19 16:11:15] The given range is out of the buffer area: x=1920, y=525, width=1, height=1
[uWC::Err][2024-03-19 16:11:15] The buffer width=1920, height=1080
[uWC::Err][2024-03-19 16:11:15] The given range is out of the buffer area: x=1920, y=528, width=1, height=1
[uWC::Err][2024-03-19 16:11:15] The buffer width=1920, height=1080
[uWC::Err][2024-03-19 16:11:15] The given range is out of the buffer area: x=1920, y=528, width=1, height=1
[uWC::Err][2024-03-19 16:11:15] The buffer width=1920, height=1080
[uWC::Err][2024-03-19 16:11:15] The given range is out of the buffer area: x=1920, y=530, width=1, height=1
[uWC::Err][2024-03-19 16:11:15] The buffer width=1920, height=1080
[uWC::Err][2024-03-19 16:11:15] The given range is out of the buffer area: x=1920, y=530, width=1, height=1
[uWC::Err][2024-03-19 16:11:15] The buffer width=1920, height=1080
[uWC::Err][2024-03-19 16:11:15] The given range is out of the buffer area: x=1920, y=530, width=1, height=1
[uWC::Err][2024-03-19 16:11:15] The buffer width=1920, height=1080
[uWC::Err][2024-03-19 16:11:15] The given range is out of the buffer area: x=1920, y=530, width=1, height=1
[uWC::Err][2024-03-19 16:11:15] The buffer width=1920, height=1080
[uWC::Err][2024-03-19 16:11:15] The given range is out of the buffer area: x=1920, y=530, width=1, height=1
[uWC::Err][2024-03-19 16:11:15] The buffer width=1920, height=1080
[uWC::Err][2024-03-19 16:11:15] The given range is out of the buffer area: x=1920, y=530, width=1, height=1
[uWC::Err][2024-03-19 16:11:15] The buffer width=1920, height=1080
[uWC::Err][2024-03-19 16:11:15] The given range is out of the buffer area: x=1920, y=532, width=1, height=1
[uWC::Err][2024-03-19 16:11:15] The buffer width=1920, height=1080
[uWC::Err][2024-03-19 16:11:15] The given range is out of the buffer area: x=1920, y=532, width=1, height=1
[uWC::Err][2024-03-19 16:11:15] The buffer width=1920, height=1080
[uWC::Err][2024-03-19 16:11:15] The given range is out of the buffer area: x=1920, y=532, width=1, height=1
[uWC::Err][2024-03-19 16:11:15] The buffer width=1920, height=1080
[uWC::Err][2024-03-19 16:11:15] The given range is out of the buffer area: x=1920, y=532, width=1, height=1
[uWC::Err][2024-03-19 16:11:15] The buffer width=1920, height=1080
[uWC::Err][2024-03-19 16:11:15] The given range is out of the buffer area: x=1920, y=532, width=1, height=1
[uWC::Err][2024-03-19 16:11:15] The buffer width=1920, height=1080
[uWC::Err][2024-03-19 16:11:15] The given range is out of the buffer area: x=1920, y=532, width=1, height=1
[uWC::Err][2024-03-19 16:11:15] The buffer width=1920, height=1080
[uWC::Err][2024-03-19 16:11:15] The given range is out of the buffer area: x=1920, y=532, width=1, height=1
[uWC::Err][2024-03-19 16:11:15] The buffer width=1920, height=1080
[uWC::Err][2024-03-19 16:11:15] The given range is out of the buffer area: x=1920, y=532, width=1, height=1
[uWC::Err][2024-03-19 16:11:15] The buffer width=1920, height=1080
[uWC::Err][2024-03-19 16:11:15] The given range is out of the buffer area: x=1920, y=532, width=1, height=1
[uWC::Err][2024-03-19 16:11:15] The buffer width=1920, height=1080
[uWC::Err][2024-03-19 16:11:15] The given range is out of the buffer area: x=1920, y=532, width=1, height=1
[uWC::Err][2024-03-19 16:11:15] The buffer width=1920, height=1080
[uWC::Err][2024-03-19 16:11:15] The given range is out of the buffer area: x=1920, y=532, width=1, height=1
[uWC::Err][2024-03-19 16:11:15] The buffer width=1920, height=1080
[uWC::Err][2024-03-19 16:11:15] The given range is out of the buffer area: x=1920, y=532, width=1, height=1
[uWC::Err][2024-03-19 16:11:15] The buffer width=1920, height=1080
[uWC::Err][2024-03-19 16:11:15] The given range is out of the buffer area: x=1920, y=532, width=1, height=1
[uWC::Err][2024-03-19 16:11:15] The buffer width=1920, height=1080
[uWC::Err][2024-03-19 16:11:15] The given range is out of the buffer area: x=1920, y=532, width=1, height=1
[uWC::Err][2024-03-19 16:11:15] The buffer width=1920, height=1080
[uWC::Err][2024-03-19 16:11:15] The given range is out of the buffer area: x=1920, y=532, width=1, height=1
[uWC::Err][2024-03-19 16:11:15] The buffer width=1920, height=1080
[uWC::Err][2024-03-19 16:11:15] The given range is out of the buffer area: x=1920, y=532, width=1, height=1
[uWC::Err][2024-03-19 16:11:15] The buffer width=1920, height=1080
[uWC::Err][2024-03-19 16:11:15] The given range is out of the buffer area: x=1920, y=532, width=1, height=1
[uWC::Err][2024-03-19 16:11:15] The buffer width=1920, height=1080
[uWC::Err][2024-03-19 16:11:15] The given range is out of the buffer area: x=1920, y=532, width=1, height=1
[uWC::Err][2024-03-19 16:11:15] The buffer width=1920, height=1080
[uWC::Err][2024-03-19 16:11:15] The given range is out of the buffer area: x=1920, y=532, width=1, height=1
[uWC::Err][2024-03-19 16:11:15] The buffer width=1920, height=1080
[uWC::Err][2024-03-19 16:11:15] The given range is out of the buffer area: x=1920, y=532, width=1, height=1
[uWC::Err][2024-03-19 16:11:15] The buffer width=1920, height=1080
[uWC::Err][2024-03-19 16:11:15] The given range is out of the buffer area: x=1920, y=532, width=1, height=1
[uWC::Err][2024-03-19 16:11:15] The buffer width=1920, height=1080
[uWC::Err][2024-03-19 16:11:15] The given range is out of the buffer area: x=1920, y=532, width=1, height=1
[uWC::Err][2024-03-19 16:11:15] The buffer width=1920, height=1080
[uWC::Err][2024-03-19 16:11:15] The given range is out of the buffer area: x=1920, y=532, width=1, height=1
[uWC::Err][2024-03-19 16:11:15] The buffer width=1920, height=1080
[uWC::Err][2024-03-19 16:11:15] The given range is out of the buffer area: x=1920, y=532, width=1, height=1
[uWC::Err][2024-03-19 16:11:15] The buffer width=1920, height=1080
[uWC::Err][2024-03-19 16:11:15] The given range is out of the buffer area: x=1920, y=532, width=1, height=1
[uWC::Err][2024-03-19 16:11:15] The buffer width=1920, height=1080
[uWC::Err][2024-03-19 16:11:15] The given range is out of the buffer area: x=1920, y=530, width=1, height=1
[uWC::Err][2024-03-19 16:11:15] The buffer width=1920, height=1080
[uWC::Err][2024-03-19 16:11:15] The given range is out of the buffer area: x=1920, y=530, width=1, height=1
[uWC::Err][2024-03-19 16:11:15] The buffer width=1920, height=1080
[uWC::Err][2024-03-19 16:11:15] The given range is out of the buffer area: x=1920, y=530, width=1, height=1
[uWC::Err][2024-03-19 16:11:15] The buffer width=1920, height=1080
[uWC::Err][2024-03-19 16:11:15] The given range is out of the buffer area: x=1920, y=530, width=1, height=1
[uWC::Err][2024-03-19 16:11:15] The buffer width=1920, height=1080
[uWC::Err][2024-03-19 16:11:15] The given range is out of the buffer area: x=1920, y=530, width=1, height=1
[uWC::Err][2024-03-19 16:11:15] The buffer width=1920, height=1080
[uWC::Err][2024-03-19 16:11:15] The given range is out of the buffer area: x=1920, y=528, width=1, height=1
[uWC::Err][2024-03-19 16:11:15] The buffer width=1920, height=1080
[uWC::Err][2024-03-19 16:11:15] The given range is out of the buffer area: x=1920, y=528, width=1, height=1
[uWC::Err][2024-03-19 16:11:15] The buffer width=1920, height=1080
[uWC::Err][2024-03-19 16:11:15] The given range is out of the buffer area: x=1920, y=528, width=1, height=1
[uWC::Err][2024-03-19 16:11:15] The buffer width=1920, height=1080
[uWC::Err][2024-03-19 16:11:15] The given range is out of the buffer area: x=1920, y=528, width=1, height=1
[uWC::Err][2024-03-19 16:11:15] The buffer width=1920, height=1080
[uWC::Err][2024-03-19 16:11:15] The given range is out of the buffer area: x=1920, y=527, width=1, height=1
[uWC::Err][2024-03-19 16:11:15] The buffer width=1920, height=1080
[uWC::Err][2024-03-19 16:11:15] The given range is out of the buffer area: x=1920, y=527, width=1, height=1
[uWC::Err][2024-03-19 16:11:15] The buffer width=1920, height=1080
[uWC::Err][2024-03-19 16:11:15] The given range is out of the buffer area: x=1920, y=523, width=1, height=1
[uWC::Err][2024-03-19 16:11:15] The buffer width=1920, height=1080
[uWC::Err][2024-03-19 16:11:15] The given range is out of the buffer area: x=1920, y=523, width=1, height=1
[uWC::Err][2024-03-19 16:11:15] The buffer width=1920, height=1080
[uWC::Err][2024-03-19 16:11:15] The given range is out of the buffer area: x=1920, y=523, width=1, height=1
[uWC::Err][2024-03-19 16:11:15] The buffer width=1920, height=1080
[uWC::Err][2024-03-19 16:11:15] The given range is out of the buffer area: x=1920, y=523, width=1, height=1
[uWC::Err][2024-03-19 16:11:15] The buffer width=1920, height=1080
[uWC::Err][2024-03-19 16:11:15] The given range is out of the buffer area: x=1920, y=523, width=1, height=1
[uWC::Err][2024-03-19 16:11:15] The buffer width=1920, height=1080
[uWC::Err][2024-03-19 16:11:15] The given range is out of the buffer area: x=1920, y=521, width=1, height=1
[uWC::Err][2024-03-19 16:11:15] The buffer width=1920, height=1080
[uWC::Err][2024-03-19 16:11:15] The given range is out of the buffer area: x=1920, y=521, width=1, height=1
[uWC::Err][2024-03-19 16:11:15] The buffer width=1920, height=1080
[uWC::Err][2024-03-19 16:11:15] The given range is out of the buffer area: x=1920, y=521, width=1, height=1
[uWC::Err][2024-03-19 16:11:15] The buffer width=1920, height=1080
[uWC::Err][2024-03-19 16:11:15] The given range is out of the buffer area: x=1920, y=519, width=1, height=1
[uWC::Err][2024-03-19 16:11:15] The buffer width=1920, height=1080
[uWC::Err][2024-03-19 16:11:15] The given range is out of the buffer area: x=1920, y=519, width=1, height=1
[uWC::Err][2024-03-19 16:11:15] The buffer width=1920, height=1080
[uWC::Err][2024-03-19 16:11:15] The given range is out of the buffer area: x=1920, y=519, width=1, height=1
[uWC::Err][2024-03-19 16:11:15] The buffer width=1920, height=1080
[uWC::Err][2024-03-19 16:11:15] The given range is out of the buffer area: x=1920, y=517, width=1, height=1
[uWC::Err][2024-03-19 16:11:15] The buffer width=1920, height=1080
[uWC::Err][2024-03-19 16:11:15] The given range is out of the buffer area: x=1920, y=517, width=1, height=1
[uWC::Err][2024-03-19 16:11:15] The buffer width=1920, height=1080
[uWC::Err][2024-03-19 16:11:15] The given range is out of the buffer area: x=1920, y=517, width=1, height=1
[uWC::Err][2024-03-19 16:11:15] The buffer width=1920, height=1080
[uWC::Err][2024-03-19 16:11:15] The given range is out of the buffer area: x=1920, y=517, width=1, height=1
[uWC::Err][2024-03-19 16:11:15] The buffer width=1920, height=1080
[uWC::Err][2024-03-19 16:11:15] The given range is out of the buffer area: x=1920, y=517, width=1, height=1
[uWC::Err][2024-03-19 16:11:15] The buffer width=1920, height=1080
[uWC::Err][2024-03-19 16:11:15] The given range is out of the buffer area: x=1920, y=514, width=1, height=1
[uWC::Err][2024-03-19 16:11:15] The buffer width=1920, height=1080
[uWC::Err][2024-03-19 16:11:15] The given range is out of the buffer area: x=1920, y=514, width=1, height=1
[uWC::Err][2024-03-19 16:11:15] The buffer width=1920, height=1080
[uWC::Err][2024-03-19 16:11:15] The given range is out of the buffer area: x=1920, y=512, width=1, height=1
[uWC::Err][2024-03-19 16:11:15] The buffer width=1920, height=1080
[uWC::Err][2024-03-19 16:11:15] The given range is out of the buffer area: x=1920, y=512, width=1, height=1
[uWC::Err][2024-03-19 16:11:15] The buffer width=1920, height=1080
[uWC::Err][2024-03-19 16:11:15] The given range is out of the buffer area: x=1920, y=512, width=1, height=1
[uWC::Err][2024-03-19 16:11:15] The buffer width=1920, height=1080
[uWC::Err][2024-03-19 16:11:15] The given range is out of the buffer area: x=1920, y=508, width=1, height=1
[uWC::Err][2024-03-19 16:11:15] The buffer width=1920, height=1080
[uWC::Err][2024-03-19 16:11:15] The given range is out of the buffer area: x=1920, y=508, width=1, height=1
[uWC::Err][2024-03-19 16:11:15] The buffer width=1920, height=1080
[uWC::Err][2024-03-19 16:11:15] The given range is out of the buffer area: x=1920, y=508, width=1, height=1
[uWC::Err][2024-03-19 16:11:15] The buffer width=1920, height=1080
[uWC::Err][2024-03-19 16:11:15] The given range is out of the buffer area: x=1920, y=508, width=1, height=1
[uWC::Err][2024-03-19 16:11:15] The buffer width=1920, height=1080
[uWC::Err][2024-03-19 16:11:15] The given range is out of the buffer area: x=1920, y=508, width=1, height=1
[uWC::Err][2024-03-19 16:11:15] The buffer width=1920, height=1080
[uWC::Err][2024-03-19 16:11:15] The given range is out of the buffer area: x=1920, y=506, width=1, height=1
[uWC::Err][2024-03-19 16:11:15] The buffer width=1920, height=1080
[uWC::Err][2024-03-19 16:11:15] The given range is out of the buffer area: x=1920, y=506, width=1, height=1
[uWC::Err][2024-03-19 16:11:15] The buffer width=1920, height=1080
[uWC::Err][2024-03-19 16:11:15] The given range is out of the buffer area: x=1920, y=506, width=1, height=1
[uWC::Err][2024-03-19 16:11:15] The buffer width=1920, height=1080
[uWC::Err][2024-03-19 16:11:15] The given range is out of the buffer area: x=1920, y=506, width=1, height=1
[uWC::Err][2024-03-19 16:11:15] The buffer width=1920, height=1080
[uWC::Err][2024-03-19 16:11:15] The given range is out of the buffer area: x=1920, y=505, width=1, height=1
[uWC::Err][2024-03-19 16:11:15] The buffer width=1920, height=1080
[uWC::Err][2024-03-19 16:11:15] The given range is out of the buffer area: x=1920, y=505, width=1, height=1
[uWC::Err][2024-03-19 16:11:15] The buffer width=1920, height=1080
[uWC::Err][2024-03-19 16:11:15] The given range is out of the buffer area: x=1920, y=505, width=1, height=1
[uWC::Err][2024-03-19 16:11:15] The buffer width=1920, height=1080
[uWC::Err][2024-03-19 16:11:15] The given range is out of the buffer area: x=1920, y=505, width=1, height=1
[uWC::Err][2024-03-19 16:11:15] The buffer width=1920, height=1080
[uWC::Err][2024-03-19 16:11:15] The given range is out of the buffer area: x=1920, y=505, width=1, height=1
[uWC::Err][2024-03-19 16:11:15] The buffer width=1920, height=1080
[uWC::Err][2024-03-19 16:11:15] The given range is out of the buffer area: x=1920, y=505, width=1, height=1
[uWC::Err][2024-03-19 16:11:15] The buffer width=1920, height=1080
[uWC::Err][2024-03-19 16:11:15] The given range is out of the buffer area: x=1920, y=505, width=1, height=1
[uWC::Err][2024-03-19 16:11:15] The buffer width=1920, height=1080
[uWC::Log][2024-03-19 16:11:25] Stop
